<?xml version="1.0" encoding="UTF-8"?>
<!-- Generated by org.testng.reporters.JUnitReportReporter -->
<testsuite skipped="0" hostname="DESKTOP-H1SPN5Q" name="YandexTest" tests="1" failures="0" timestamp="2022-05-21T03:25:54 YEKT" time="72.917" errors="0">
  <testcase name="yandexmark" time="72.917" classname="YandexTest"/>
  <system-out/>
</testsuite> <!-- YandexTest -->
