<?xml version="1.0" encoding="UTF-8"?>
<!-- Generated by org.testng.reporters.JUnitReportReporter -->
<testsuite hostname="DESKTOP-H1SPN5Q" failures="0" tests="1" name="YandexTest" time="22.813" errors="0" timestamp="2022-07-22T18:47:59 YEKT" skipped="0">
  <testcase classname="YandexTest" name="yandexmark" time="22.813"/>
  <system-out/>
</testsuite> <!-- YandexTest -->
