<?xml version="1.0" encoding="UTF-8"?>
<!-- Generated by org.testng.reporters.JUnitReportReporter -->
<testsuite hostname="DESKTOP-H1SPN5Q" failures="0" tests="1" name="YandexTest" time="24.988" errors="0" timestamp="2022-07-22T18:16:33 YEKT" skipped="0">
  <testcase classname="YandexTest" name="yandexmark" time="24.988"/>
  <system-out/>
</testsuite> <!-- YandexTest -->
