<?xml version="1.0" encoding="UTF-8"?>
<!-- Generated by org.testng.reporters.JUnitReportReporter -->
<testsuite hostname="DESKTOP-H1SPN5Q" failures="0" tests="1" name="YandexTest" time="27.466" errors="0" timestamp="2022-07-23T22:14:31 YEKT" skipped="0">
  <testcase classname="YandexTest" name="yandexmark" time="27.466"/>
  <system-out/>
</testsuite> <!-- YandexTest -->
